[2026-06-09 17:45:37] INFO: SessionManager initialized
[2026-06-09 17:45:37] INFO: LoginFrame initialized
[2026-06-09 17:46:10] INFO: Authentication successful for user: ben
[2026-06-09 17:46:10] INFO: User logged in - Username: ben, Role: Guest
[2026-06-09 17:46:39] INFO: SessionManager initialized
[2026-06-09 17:46:39] INFO: LoginFrame initialized
[2026-06-09 17:46:50] INFO: SessionManager initialized
[2026-06-09 17:46:50] INFO: LoginFrame initialized
[2026-06-09 17:50:09] INFO: SessionManager initialized
[2026-06-09 17:50:09] INFO: LoginFrame initialized
[2026-06-09 18:22:42] INFO: Application closed by user
[2026-06-09 18:27:47] INFO: SessionManager initialized
[2026-06-09 18:27:47] INFO: LoginFrame initialized
[2026-06-09 18:31:35] INFO: SessionManager initialized
[2026-06-09 18:31:36] INFO: LoginFrame initialized
[2026-06-09 18:31:49] INFO: Authentication successful for user: dasdsaa
[2026-06-09 18:31:49] INFO: User logged in - Username: dasdsaa, Role: Receptionist
[2026-06-09 18:31:49] INFO: ReceptionMainWindow opened
[2026-06-09 18:32:46] INFO: SessionManager initialized
[2026-06-09 18:32:46] INFO: LoginFrame initialized
[2026-06-09 18:32:50] INFO: Authentication successful for user: asdsadas
[2026-06-09 18:32:50] INFO: User logged in - Username: asdsadas, Role: Guest
